Classic Timing Analyzer report for counter
Mon May 10 15:44:15 2021
Quartus II Version 9.0 Build 132 02/25/2009 SJ Web Edition


---------------------
; Table of Contents ;
---------------------
  1. Legal Notice
  2. Timing Analyzer Summary
  3. Timing Analyzer Settings
  4. Clock Settings Summary
  5. Parallel Compilation
  6. Clock Setup: 'clock'
  7. tsu
  8. tco
  9. th
 10. Timing Analyzer Messages



----------------
; Legal Notice ;
----------------
Copyright (C) 1991-2009 Altera Corporation
Your use of Altera Corporation's design tools, logic functions 
and other software and tools, and its AMPP partner logic 
functions, and any output files from any of the foregoing 
(including device programming or simulation files), and any 
associated documentation or information are expressly subject 
to the terms and conditions of the Altera Program License 
Subscription Agreement, Altera MegaCore Function License 
Agreement, or other applicable license agreement, including, 
without limitation, that your use is for the sole purpose of 
programming logic devices manufactured by Altera and sold by 
Altera or its authorized distributors.  Please refer to the 
applicable agreement for further details.



+----------------------------------------------------------------------------------------------------------------------------------------------------------------------+
; Timing Analyzer Summary                                                                                                                                              ;
+------------------------------+-------+---------------+------------------------------------------------+-----------+-----------+------------+----------+--------------+
; Type                         ; Slack ; Required Time ; Actual Time                                    ; From      ; To        ; From Clock ; To Clock ; Failed Paths ;
+------------------------------+-------+---------------+------------------------------------------------+-----------+-----------+------------+----------+--------------+
; Worst-case tsu               ; N/A   ; None          ; 4.241 ns                                       ; direction ; q[2]~reg0 ; --         ; clock    ; 0            ;
; Worst-case tco               ; N/A   ; None          ; 8.597 ns                                       ; q[0]~reg0 ; q[0]      ; clock      ; --       ; 0            ;
; Worst-case th                ; N/A   ; None          ; -3.494 ns                                      ; direction ; q[1]~reg0 ; --         ; clock    ; 0            ;
; Clock Setup: 'clock'         ; N/A   ; None          ; Restricted to 380.08 MHz ( period = 2.631 ns ) ; q[2]~reg0 ; q[2]~reg0 ; clock      ; clock    ; 0            ;
; Total number of failed paths ;       ;               ;                                                ;           ;           ;            ;          ; 0            ;
+------------------------------+-------+---------------+------------------------------------------------+-----------+-----------+------------+----------+--------------+


+--------------------------------------------------------------------------------------------------------------------+
; Timing Analyzer Settings                                                                                           ;
+---------------------------------------------------------------------+--------------------+------+----+-------------+
; Option                                                              ; Setting            ; From ; To ; Entity Name ;
+---------------------------------------------------------------------+--------------------+------+----+-------------+
; Device Name                                                         ; EP2C20F484C7       ;      ;    ;             ;
; Timing Models                                                       ; Final              ;      ;    ;             ;
; Default hold multicycle                                             ; Same as Multicycle ;      ;    ;             ;
; Cut paths between unrelated clock domains                           ; On                 ;      ;    ;             ;
; Cut off read during write signal paths                              ; On                 ;      ;    ;             ;
; Cut off feedback from I/O pins                                      ; On                 ;      ;    ;             ;
; Report Combined Fast/Slow Timing                                    ; Off                ;      ;    ;             ;
; Ignore Clock Settings                                               ; Off                ;      ;    ;             ;
; Analyze latches as synchronous elements                             ; On                 ;      ;    ;             ;
; Enable Recovery/Removal analysis                                    ; Off                ;      ;    ;             ;
; Enable Clock Latency                                                ; Off                ;      ;    ;             ;
; Use TimeQuest Timing Analyzer                                       ; Off                ;      ;    ;             ;
; Minimum Core Junction Temperature                                   ; 0                  ;      ;    ;             ;
; Maximum Core Junction Temperature                                   ; 85                 ;      ;    ;             ;
; Number of source nodes to report per destination node               ; 10                 ;      ;    ;             ;
; Number of destination nodes to report                               ; 10                 ;      ;    ;             ;
; Number of paths to report                                           ; 200                ;      ;    ;             ;
; Report Minimum Timing Checks                                        ; Off                ;      ;    ;             ;
; Use Fast Timing Models                                              ; Off                ;      ;    ;             ;
; Report IO Paths Separately                                          ; Off                ;      ;    ;             ;
; Perform Multicorner Analysis                                        ; On                 ;      ;    ;             ;
; Reports the worst-case path for each clock domain and analysis      ; Off                ;      ;    ;             ;
; Removes common clock path pessimism (CCPP) during slack computation ; Off                ;      ;    ;             ;
; Output I/O Timing Endpoint                                          ; Near End           ;      ;    ;             ;
+---------------------------------------------------------------------+--------------------+------+----+-------------+


+------------------------------------------------------------------------------------------------------------------------------------------------------------------------------------+
; Clock Settings Summary                                                                                                                                                             ;
+-----------------+--------------------+----------+------------------+---------------+--------------+----------+-----------------------+---------------------+--------+--------------+
; Clock Node Name ; Clock Setting Name ; Type     ; Fmax Requirement ; Early Latency ; Late Latency ; Based on ; Multiply Base Fmax by ; Divide Base Fmax by ; Offset ; Phase offset ;
+-----------------+--------------------+----------+------------------+---------------+--------------+----------+-----------------------+---------------------+--------+--------------+
; clock           ;                    ; User Pin ; None             ; 0.000 ns      ; 0.000 ns     ; --       ; N/A                   ; N/A                 ; N/A    ;              ;
+-----------------+--------------------+----------+------------------+---------------+--------------+----------+-----------------------+---------------------+--------+--------------+


Parallel compilation was disabled, but you have multiple processors available. Enable parallel compilation to reduce compilation time.
+-------------------------------------+
; Parallel Compilation                ;
+----------------------------+--------+
; Processors                 ; Number ;
+----------------------------+--------+
; Number detected on machine ; 12     ;
; Maximum allowed            ; 1      ;
+----------------------------+--------+


+--------------------------------------------------------------------------------------------------------------------------------------------------------------------------------------------+
; Clock Setup: 'clock'                                                                                                                                                                       ;
+-------+------------------------------------------------+-----------+-----------+------------+----------+-----------------------------+---------------------------+-------------------------+
; Slack ; Actual fmax (period)                           ; From      ; To        ; From Clock ; To Clock ; Required Setup Relationship ; Required Longest P2P Time ; Actual Longest P2P Time ;
+-------+------------------------------------------------+-----------+-----------+------------+----------+-----------------------------+---------------------------+-------------------------+
; N/A   ; Restricted to 380.08 MHz ( period = 2.631 ns ) ; q[2]~reg0 ; q[2]~reg0 ; clock      ; clock    ; None                        ; None                      ; 1.442 ns                ;
; N/A   ; Restricted to 380.08 MHz ( period = 2.631 ns ) ; q[0]~reg0 ; q[2]~reg0 ; clock      ; clock    ; None                        ; None                      ; 1.250 ns                ;
; N/A   ; Restricted to 380.08 MHz ( period = 2.631 ns ) ; q[0]~reg0 ; q[1]~reg0 ; clock      ; clock    ; None                        ; None                      ; 1.176 ns                ;
; N/A   ; Restricted to 380.08 MHz ( period = 2.631 ns ) ; q[1]~reg0 ; q[2]~reg0 ; clock      ; clock    ; None                        ; None                      ; 1.102 ns                ;
; N/A   ; Restricted to 380.08 MHz ( period = 2.631 ns ) ; q[0]~reg0 ; q[0]~reg0 ; clock      ; clock    ; None                        ; None                      ; 0.454 ns                ;
; N/A   ; Restricted to 380.08 MHz ( period = 2.631 ns ) ; q[1]~reg0 ; q[1]~reg0 ; clock      ; clock    ; None                        ; None                      ; 0.454 ns                ;
+-------+------------------------------------------------+-----------+-----------+------------+----------+-----------------------------+---------------------------+-------------------------+


+----------------------------------------------------------------------+
; tsu                                                                  ;
+-------+--------------+------------+-----------+-----------+----------+
; Slack ; Required tsu ; Actual tsu ; From      ; To        ; To Clock ;
+-------+--------------+------------+-----------+-----------+----------+
; N/A   ; None         ; 4.241 ns   ; direction ; q[2]~reg0 ; clock    ;
; N/A   ; None         ; 4.195 ns   ; reset     ; q[2]~reg0 ; clock    ;
; N/A   ; None         ; 3.848 ns   ; reset     ; q[1]~reg0 ; clock    ;
; N/A   ; None         ; 3.847 ns   ; reset     ; q[0]~reg0 ; clock    ;
; N/A   ; None         ; 3.742 ns   ; direction ; q[1]~reg0 ; clock    ;
+-------+--------------+------------+-----------+-----------+----------+


+-------------------------------------------------------------------+
; tco                                                               ;
+-------+--------------+------------+-----------+------+------------+
; Slack ; Required tco ; Actual tco ; From      ; To   ; From Clock ;
+-------+--------------+------------+-----------+------+------------+
; N/A   ; None         ; 8.597 ns   ; q[0]~reg0 ; q[0] ; clock      ;
; N/A   ; None         ; 7.251 ns   ; q[2]~reg0 ; q[2] ; clock      ;
; N/A   ; None         ; 6.795 ns   ; q[1]~reg0 ; q[1] ; clock      ;
+-------+--------------+------------+-----------+------+------------+


+----------------------------------------------------------------------------+
; th                                                                         ;
+---------------+-------------+-----------+-----------+-----------+----------+
; Minimum Slack ; Required th ; Actual th ; From      ; To        ; To Clock ;
+---------------+-------------+-----------+-----------+-----------+----------+
; N/A           ; None        ; -3.494 ns ; direction ; q[1]~reg0 ; clock    ;
; N/A           ; None        ; -3.599 ns ; reset     ; q[0]~reg0 ; clock    ;
; N/A           ; None        ; -3.600 ns ; reset     ; q[1]~reg0 ; clock    ;
; N/A           ; None        ; -3.947 ns ; reset     ; q[2]~reg0 ; clock    ;
; N/A           ; None        ; -3.993 ns ; direction ; q[2]~reg0 ; clock    ;
+---------------+-------------+-----------+-----------+-----------+----------+


+--------------------------+
; Timing Analyzer Messages ;
+--------------------------+
Info: *******************************************************************
Info: Running Quartus II Classic Timing Analyzer
    Info: Version 9.0 Build 132 02/25/2009 SJ Web Edition
    Info: Processing started: Mon May 10 15:44:15 2021
Info: Command: quartus_tan --read_settings_files=off --write_settings_files=off counter -c counter --timing_analysis_only
Warning: Found pins functioning as undefined clocks and/or memory enables
    Info: Assuming node "clock" is an undefined clock
Info: Clock "clock" Internal fmax is restricted to 380.08 MHz between source register "q[2]~reg0" and destination register "q[2]~reg0"
    Info: fmax restricted to clock pin edge rate 2.631 ns. Expand message to see actual delay path.
        Info: + Longest register to register delay is 1.442 ns
            Info: 1: + IC(0.000 ns) + CELL(0.000 ns) = 0.000 ns; Loc. = LCFF_X2_Y22_N5; Fanout = 2; REG Node = 'q[2]~reg0'
            Info: 2: + IC(0.362 ns) + CELL(0.516 ns) = 0.878 ns; Loc. = LCCOMB_X2_Y22_N22; Fanout = 1; COMB Node = 'Add0~1'
            Info: 3: + IC(0.291 ns) + CELL(0.177 ns) = 1.346 ns; Loc. = LCCOMB_X2_Y22_N4; Fanout = 1; COMB Node = 'q~8'
            Info: 4: + IC(0.000 ns) + CELL(0.096 ns) = 1.442 ns; Loc. = LCFF_X2_Y22_N5; Fanout = 2; REG Node = 'q[2]~reg0'
            Info: Total cell delay = 0.789 ns ( 54.72 % )
            Info: Total interconnect delay = 0.653 ns ( 45.28 % )
        Info: - Smallest clock skew is 0.000 ns
            Info: + Shortest clock path from clock "clock" to destination register is 2.851 ns
                Info: 1: + IC(0.000 ns) + CELL(1.026 ns) = 1.026 ns; Loc. = PIN_M1; Fanout = 1; CLK Node = 'clock'
                Info: 2: + IC(0.238 ns) + CELL(0.000 ns) = 1.264 ns; Loc. = CLKCTRL_G3; Fanout = 3; COMB Node = 'clock~clkctrl'
                Info: 3: + IC(0.985 ns) + CELL(0.602 ns) = 2.851 ns; Loc. = LCFF_X2_Y22_N5; Fanout = 2; REG Node = 'q[2]~reg0'
                Info: Total cell delay = 1.628 ns ( 57.10 % )
                Info: Total interconnect delay = 1.223 ns ( 42.90 % )
            Info: - Longest clock path from clock "clock" to source register is 2.851 ns
                Info: 1: + IC(0.000 ns) + CELL(1.026 ns) = 1.026 ns; Loc. = PIN_M1; Fanout = 1; CLK Node = 'clock'
                Info: 2: + IC(0.238 ns) + CELL(0.000 ns) = 1.264 ns; Loc. = CLKCTRL_G3; Fanout = 3; COMB Node = 'clock~clkctrl'
                Info: 3: + IC(0.985 ns) + CELL(0.602 ns) = 2.851 ns; Loc. = LCFF_X2_Y22_N5; Fanout = 2; REG Node = 'q[2]~reg0'
                Info: Total cell delay = 1.628 ns ( 57.10 % )
                Info: Total interconnect delay = 1.223 ns ( 42.90 % )
        Info: + Micro clock to output delay of source is 0.277 ns
        Info: + Micro setup delay of destination is -0.038 ns
Info: tsu for register "q[2]~reg0" (data pin = "direction", clock pin = "clock") is 4.241 ns
    Info: + Longest pin to register delay is 7.130 ns
        Info: 1: + IC(0.000 ns) + CELL(0.884 ns) = 0.884 ns; Loc. = PIN_D1; Fanout = 2; PIN Node = 'direction'
        Info: 2: + IC(5.137 ns) + CELL(0.545 ns) = 6.566 ns; Loc. = LCCOMB_X2_Y22_N22; Fanout = 1; COMB Node = 'Add0~1'
        Info: 3: + IC(0.291 ns) + CELL(0.177 ns) = 7.034 ns; Loc. = LCCOMB_X2_Y22_N4; Fanout = 1; COMB Node = 'q~8'
        Info: 4: + IC(0.000 ns) + CELL(0.096 ns) = 7.130 ns; Loc. = LCFF_X2_Y22_N5; Fanout = 2; REG Node = 'q[2]~reg0'
        Info: Total cell delay = 1.702 ns ( 23.87 % )
        Info: Total interconnect delay = 5.428 ns ( 76.13 % )
    Info: + Micro setup delay of destination is -0.038 ns
    Info: - Shortest clock path from clock "clock" to destination register is 2.851 ns
        Info: 1: + IC(0.000 ns) + CELL(1.026 ns) = 1.026 ns; Loc. = PIN_M1; Fanout = 1; CLK Node = 'clock'
        Info: 2: + IC(0.238 ns) + CELL(0.000 ns) = 1.264 ns; Loc. = CLKCTRL_G3; Fanout = 3; COMB Node = 'clock~clkctrl'
        Info: 3: + IC(0.985 ns) + CELL(0.602 ns) = 2.851 ns; Loc. = LCFF_X2_Y22_N5; Fanout = 2; REG Node = 'q[2]~reg0'
        Info: Total cell delay = 1.628 ns ( 57.10 % )
        Info: Total interconnect delay = 1.223 ns ( 42.90 % )
Info: tco from clock "clock" to destination pin "q[0]" through register "q[0]~reg0" is 8.597 ns
    Info: + Longest clock path from clock "clock" to source register is 2.851 ns
        Info: 1: + IC(0.000 ns) + CELL(1.026 ns) = 1.026 ns; Loc. = PIN_M1; Fanout = 1; CLK Node = 'clock'
        Info: 2: + IC(0.238 ns) + CELL(0.000 ns) = 1.264 ns; Loc. = CLKCTRL_G3; Fanout = 3; COMB Node = 'clock~clkctrl'
        Info: 3: + IC(0.985 ns) + CELL(0.602 ns) = 2.851 ns; Loc. = LCFF_X2_Y22_N17; Fanout = 4; REG Node = 'q[0]~reg0'
        Info: Total cell delay = 1.628 ns ( 57.10 % )
        Info: Total interconnect delay = 1.223 ns ( 42.90 % )
    Info: + Micro clock to output delay of source is 0.277 ns
    Info: + Longest register to pin delay is 5.469 ns
        Info: 1: + IC(0.000 ns) + CELL(0.000 ns) = 0.000 ns; Loc. = LCFF_X2_Y22_N17; Fanout = 4; REG Node = 'q[0]~reg0'
        Info: 2: + IC(2.453 ns) + CELL(3.016 ns) = 5.469 ns; Loc. = PIN_AA4; Fanout = 0; PIN Node = 'q[0]'
        Info: Total cell delay = 3.016 ns ( 55.15 % )
        Info: Total interconnect delay = 2.453 ns ( 44.85 % )
Info: th for register "q[1]~reg0" (data pin = "direction", clock pin = "clock") is -3.494 ns
    Info: + Longest clock path from clock "clock" to destination register is 2.851 ns
        Info: 1: + IC(0.000 ns) + CELL(1.026 ns) = 1.026 ns; Loc. = PIN_M1; Fanout = 1; CLK Node = 'clock'
        Info: 2: + IC(0.238 ns) + CELL(0.000 ns) = 1.264 ns; Loc. = CLKCTRL_G3; Fanout = 3; COMB Node = 'clock~clkctrl'
        Info: 3: + IC(0.985 ns) + CELL(0.602 ns) = 2.851 ns; Loc. = LCFF_X2_Y22_N19; Fanout = 3; REG Node = 'q[1]~reg0'
        Info: Total cell delay = 1.628 ns ( 57.10 % )
        Info: Total interconnect delay = 1.223 ns ( 42.90 % )
    Info: + Micro hold delay of destination is 0.286 ns
    Info: - Shortest pin to register delay is 6.631 ns
        Info: 1: + IC(0.000 ns) + CELL(0.884 ns) = 0.884 ns; Loc. = PIN_D1; Fanout = 2; PIN Node = 'direction'
        Info: 2: + IC(5.138 ns) + CELL(0.513 ns) = 6.535 ns; Loc. = LCCOMB_X2_Y22_N18; Fanout = 1; COMB Node = 'q~7'
        Info: 3: + IC(0.000 ns) + CELL(0.096 ns) = 6.631 ns; Loc. = LCFF_X2_Y22_N19; Fanout = 3; REG Node = 'q[1]~reg0'
        Info: Total cell delay = 1.493 ns ( 22.52 % )
        Info: Total interconnect delay = 5.138 ns ( 77.48 % )
Info: Quartus II Classic Timing Analyzer was successful. 0 errors, 1 warning
    Info: Peak virtual memory: 191 megabytes
    Info: Processing ended: Mon May 10 15:44:15 2021
    Info: Elapsed time: 00:00:00
    Info: Total CPU time (on all processors): 00:00:00


